[Mon May 23 13:23:19 2022] PHP 8.1.2 Development Server (http://localhost:2627) started
[Mon May 23 13:24:05 2022] [::1]:58510 Accepted
[Mon May 23 13:24:05 2022] [::1]:58510 [200]: GET /
[Mon May 23 13:24:05 2022] [::1]:58510 Closing
[Mon May 23 13:24:07 2022] [::1]:58512 Accepted
[Mon May 23 13:24:07 2022] [::1]:58514 Accepted
[Mon May 23 13:24:07 2022] [::1]:58516 Accepted
[Mon May 23 13:24:07 2022] [::1]:58516 [200]: GET /client.min.js
[Mon May 23 13:24:07 2022] [::1]:58512 [200]: GET /style.css
[Mon May 23 13:24:07 2022] [::1]:58514 [200]: GET /loc.js
[Mon May 23 13:24:07 2022] [::1]:58516 Closing
[Mon May 23 13:24:07 2022] [::1]:58512 Closing
[Mon May 23 13:24:07 2022] [::1]:58514 Closing
[Mon May 23 13:24:11 2022] [::1]:58520 Accepted
[Mon May 23 13:24:11 2022] [::1]:58520 [200]: POST /info.php
[Mon May 23 13:24:11 2022] [::1]:58520 Closing
[Mon May 23 13:24:36 2022] [::1]:58524 Accepted
[Mon May 23 13:24:36 2022] [::1]:58524 [200]: GET /
[Mon May 23 13:24:36 2022] [::1]:58524 Closing
[Mon May 23 13:24:37 2022] [::1]:58526 Accepted
[Mon May 23 13:24:37 2022] [::1]:58528 Accepted
[Mon May 23 13:24:37 2022] [::1]:58528 [200]: GET /loc.js
[Mon May 23 13:24:37 2022] [::1]:58528 Closing
[Mon May 23 13:24:37 2022] [::1]:58526 [200]: GET /style.css
[Mon May 23 13:24:37 2022] [::1]:58526 Closing
[Mon May 23 13:24:37 2022] [::1]:58530 Accepted
[Mon May 23 13:24:37 2022] [::1]:58530 [200]: GET /client.min.js
[Mon May 23 13:24:37 2022] [::1]:58530 Closing
[Mon May 23 13:24:38 2022] [::1]:58532 Accepted
[Mon May 23 13:24:38 2022] [::1]:58532 [404]: GET /favicon.ico - No such file or directory
[Mon May 23 13:24:38 2022] [::1]:58532 Closing
[Mon May 23 13:24:39 2022] [::1]:58534 Accepted
[Mon May 23 13:24:39 2022] [::1]:58534 [200]: POST /info.php
[Mon May 23 13:24:39 2022] [::1]:58534 Closing
